<?xml version="1.0" encoding="UTF-8"?>
<!-- Generated by org.testng.reporters.JUnitReportReporter -->
<testsuite hostname="ZHAOLEI" name="com.htong.dao.WellDataDaoTest" tests="1" failures="1" timestamp="15 May 2012 03:17:06 GMT" time="0.000" errors="0">
  <testcase name="getLatedWellDataByWellNum" time="0.000" classname="com.htong.dao.WellDataDaoTest">
    <failure type="org.springframework.beans.factory.BeanCreationException" message="Error creating bean with name &#039;userDao&#039;: Autowiring of fields failed; nested exception is org.springframework.beans.factory.BeanCreationException: Could not autowire field: private org.springframework.data.document.mongodb.MongoTemplate com.htong.dao.UserDao.mongoTemplate; nested exception is org.springframework.beans.factory.BeanCreationException: Error creating bean with name &#039;mongoTemplate&#039; defined in class path resource [com/htong/spring/spring.xml]: Cannot resolve reference to bean &#039;mongo&#039; while setting constructor argument; nested exception is org.springframework.beans.factory.BeanCreationException: Error creating bean with name &#039;mongo&#039;: Initialization of bean failed; nested exception is java.lang.reflect.MalformedParameterizedTypeException">
      <![CDATA[org.springframework.beans.factory.BeanCreationException: Error creating bean with name 'userDao': Autowiring of fields failed; nested exception is org.springframework.beans.factory.BeanCreationException: Could not autowire field: private org.springframework.data.document.mongodb.MongoTemplate com.htong.dao.UserDao.mongoTemplate; nested exception is org.springframework.beans.factory.BeanCreationException: Error creating bean with name 'mongoTemplate' defined in class path resource [com/htong/spring/spring.xml]: Cannot resolve reference to bean 'mongo' while setting constructor argument; nested exception is org.springframework.beans.factory.BeanCreationException: Error creating bean with name 'mongo': Initialization of bean failed; nested exception is java.lang.reflect.MalformedParameterizedTypeException
	at org.springframework.beans.factory.annotation.AutowiredAnnotationBeanPostProcessor.postProcessAfterInstantiation(AutowiredAnnotationBeanPostProcessor.java:243)
	at org.springframework.beans.factory.support.AbstractAutowireCapableBeanFactory.populateBean(AbstractAutowireCapableBeanFactory.java:959)
	at org.springframework.beans.factory.support.AbstractAutowireCapableBeanFactory.doCreateBean(AbstractAutowireCapableBeanFactory.java:472)
	at org.springframework.beans.factory.support.AbstractAutowireCapableBeanFactory$1.run(AbstractAutowireCapableBeanFactory.java:409)
	at java.security.AccessController.doPrivileged(Native Method)
	at org.springframework.beans.factory.support.AbstractAutowireCapableBeanFactory.createBean(AbstractAutowireCapableBeanFactory.java:380)
	at org.springframework.beans.factory.support.AbstractBeanFactory$1.getObject(AbstractBeanFactory.java:264)
	at org.springframework.beans.factory.support.DefaultSingletonBeanRegistry.getSingleton(DefaultSingletonBeanRegistry.java:222)
	at org.springframework.beans.factory.support.AbstractBeanFactory.doGetBean(AbstractBeanFactory.java:261)
	at org.springframework.beans.factory.support.AbstractBeanFactory.getBean(AbstractBeanFactory.java:185)
	at org.springframework.beans.factory.support.AbstractBeanFactory.getBean(AbstractBeanFactory.java:164)
	at org.springframework.beans.factory.support.DefaultListableBeanFactory.preInstantiateSingletons(DefaultListableBeanFactory.java:429)
	at org.springframework.context.support.AbstractApplicationContext.finishBeanFactoryInitialization(AbstractApplicationContext.java:728)
	at org.springframework.context.support.AbstractApplicationContext.refresh(AbstractApplicationContext.java:380)
	at org.springframework.context.support.ClassPathXmlApplicationContext.<init>(ClassPathXmlApplicationContext.java:139)
	at org.springframework.context.support.ClassPathXmlApplicationContext.<init>(ClassPathXmlApplicationContext.java:83)
	at com.htong.dao.WellDataDaoTest.beforeTest(WellDataDaoTest.java:16)
	at sun.reflect.NativeMethodAccessorImpl.invoke0(Native Method)
	at sun.reflect.NativeMethodAccessorImpl.invoke(Unknown Source)
	at sun.reflect.DelegatingMethodAccessorImpl.invoke(Unknown Source)
	at java.lang.reflect.Method.invoke(Unknown Source)
	at org.testng.internal.MethodInvocationHelper.invokeMethod(MethodInvocationHelper.java:80)
	at org.testng.internal.Invoker.invokeConfigurationMethod(Invoker.java:551)
	at org.testng.internal.Invoker.invokeConfigurations(Invoker.java:213)
	at org.testng.internal.Invoker.invokeConfigurations(Invoker.java:138)
	at org.testng.TestRunner.beforeRun(TestRunner.java:641)
	at org.testng.TestRunner.run(TestRunner.java:609)
	at org.testng.SuiteRunner.runTest(SuiteRunner.java:334)
	at org.testng.SuiteRunner.runSequentially(SuiteRunner.java:329)
	at org.testng.SuiteRunner.privateRun(SuiteRunner.java:291)
	at org.testng.SuiteRunner.run(SuiteRunner.java:240)
	at org.testng.SuiteRunnerWorker.runSuite(SuiteRunnerWorker.java:53)
	at org.testng.SuiteRunnerWorker.run(SuiteRunnerWorker.java:87)
	at org.testng.TestNG.runSuitesSequentially(TestNG.java:1185)
	at org.testng.TestNG.runSuitesLocally(TestNG.java:1110)
	at org.testng.TestNG.run(TestNG.java:1022)
	at org.testng.remote.RemoteTestNG.run(RemoteTestNG.java:109)
	at org.testng.remote.RemoteTestNG.initAndRun(RemoteTestNG.java:202)
	at org.testng.remote.RemoteTestNG.main(RemoteTestNG.java:173)
Caused by: org.springframework.beans.factory.BeanCreationException: Could not autowire field: private org.springframework.data.document.mongodb.MongoTemplate com.htong.dao.UserDao.mongoTemplate; nested exception is org.springframework.beans.factory.BeanCreationException: Error creating bean with name 'mongoTemplate' defined in class path resource [com/htong/spring/spring.xml]: Cannot resolve reference to bean 'mongo' while setting constructor argument; nested exception is org.springframework.beans.factory.BeanCreationException: Error creating bean with name 'mongo': Initialization of bean failed; nested exception is java.lang.reflect.MalformedParameterizedTypeException
	at org.springframework.beans.factory.annotation.AutowiredAnnotationBeanPostProcessor$AutowiredFieldElement.inject(AutowiredAnnotationBeanPostProcessor.java:435)
	at org.springframework.beans.factory.annotation.InjectionMetadata.injectFields(InjectionMetadata.java:105)
	at org.springframework.beans.factory.annotation.AutowiredAnnotationBeanPostProcessor.postProcessAfterInstantiation(AutowiredAnnotationBeanPostProcessor.java:240)
	... 38 more
Caused by: org.springframework.beans.factory.BeanCreationException: Error creating bean with name 'mongoTemplate' defined in class path resource [com/htong/spring/spring.xml]: Cannot resolve reference to bean 'mongo' while setting constructor argument; nested exception is org.springframework.beans.factory.BeanCreationException: Error creating bean with name 'mongo': Initialization of bean failed; nested exception is java.lang.reflect.MalformedParameterizedTypeException
	at org.springframework.beans.factory.support.BeanDefinitionValueResolver.resolveReference(BeanDefinitionValueResolver.java:275)
	at org.springframework.beans.factory.support.BeanDefinitionValueResolver.resolveValueIfNecessary(BeanDefinitionValueResolver.java:104)
	at org.springframework.beans.factory.support.ConstructorResolver.resolveConstructorArguments(ConstructorResolver.java:495)
	at org.springframework.beans.factory.support.ConstructorResolver.autowireConstructor(ConstructorResolver.java:162)
	at org.springframework.beans.factory.support.AbstractAutowireCapableBeanFactory.autowireConstructor(AbstractAutowireCapableBeanFactory.java:925)
	at org.springframework.beans.factory.support.AbstractAutowireCapableBeanFactory.createBeanInstance(AbstractAutowireCapableBeanFactory.java:835)
	at org.springframework.beans.factory.support.AbstractAutowireCapableBeanFactory.doCreateBean(AbstractAutowireCapableBeanFactory.java:440)
	at org.springframework.beans.factory.support.AbstractAutowireCapableBeanFactory$1.run(AbstractAutowireCapableBeanFactory.java:409)
	at java.security.AccessController.doPrivileged(Native Method)
	at org.springframework.beans.factory.support.AbstractAutowireCapableBeanFactory.createBean(AbstractAutowireCapableBeanFactory.java:380)
	at org.springframework.beans.factory.support.AbstractBeanFactory$1.getObject(AbstractBeanFactory.java:264)
	at org.springframework.beans.factory.support.DefaultSingletonBeanRegistry.getSingleton(DefaultSingletonBeanRegistry.java:222)
	at org.springframework.beans.factory.support.AbstractBeanFactory.doGetBean(AbstractBeanFactory.java:261)
	at org.springframework.beans.factory.support.AbstractBeanFactory.getBean(AbstractBeanFactory.java:185)
	at org.springframework.beans.factory.support.AbstractBeanFactory.getBean(AbstractBeanFactory.java:164)
	at org.springframework.beans.factory.support.DefaultListableBeanFactory.findAutowireCandidates(DefaultListableBeanFactory.java:671)
	at org.springframework.beans.factory.support.DefaultListableBeanFactory.resolveDependency(DefaultListableBeanFactory.java:610)
	at org.springframework.beans.factory.annotation.AutowiredAnnotationBeanPostProcessor$AutowiredFieldElement.inject(AutowiredAnnotationBeanPostProcessor.java:412)
	... 40 more
Caused by: org.springframework.beans.factory.BeanCreationException: Error creating bean with name 'mongo': Initialization of bean failed; nested exception is java.lang.reflect.MalformedParameterizedTypeException
	at org.springframework.beans.factory.support.AbstractAutowireCapableBeanFactory.doCreateBean(AbstractAutowireCapableBeanFactory.java:480)
	at org.springframework.beans.factory.support.AbstractAutowireCapableBeanFactory$1.run(AbstractAutowireCapableBeanFactory.java:409)
	at java.security.AccessController.doPrivileged(Native Method)
	at org.springframework.beans.factory.support.AbstractAutowireCapableBeanFactory.createBean(AbstractAutowireCapableBeanFactory.java:380)
	at org.springframework.beans.factory.support.AbstractBeanFactory$1.getObject(AbstractBeanFactory.java:264)
	at org.springframework.beans.factory.support.DefaultSingletonBeanRegistry.getSingleton(DefaultSingletonBeanRegistry.java:222)
	at org.springframework.beans.factory.support.AbstractBeanFactory.doGetBean(AbstractBeanFactory.java:261)
	at org.springframework.beans.factory.support.AbstractBeanFactory.getBean(AbstractBeanFactory.java:185)
	at org.springframework.beans.factory.support.AbstractBeanFactory.getBean(AbstractBeanFactory.java:164)
	at org.springframework.beans.factory.support.BeanDefinitionValueResolver.resolveReference(BeanDefinitionValueResolver.java:269)
	... 57 more
Caused by: java.lang.reflect.MalformedParameterizedTypeException
	at sun.reflect.generics.reflectiveObjects.ParameterizedTypeImpl.validateConstructorArguments(Unknown Source)
	at sun.reflect.generics.reflectiveObjects.ParameterizedTypeImpl.<init>(Unknown Source)
	at sun.reflect.generics.reflectiveObjects.ParameterizedTypeImpl.make(Unknown Source)
	at sun.reflect.generics.factory.CoreReflectionFactory.makeParameterizedType(Unknown Source)
	at sun.reflect.generics.visitor.Reifier.visitClassTypeSignature(Unknown Source)
	at sun.reflect.generics.tree.ClassTypeSignature.accept(Unknown Source)
	at sun.reflect.generics.repository.ClassRepository.getSuperInterfaces(Unknown Source)
	at java.lang.Class.getGenericInterfaces(Unknown Source)
	at org.springframework.core.GenericTypeResolver.getTypeVariableMap(GenericTypeResolver.java:151)
	at org.springframework.core.GenericTypeResolver.resolveParameterType(GenericTypeResolver.java:81)
	at org.springframework.beans.GenericTypeAwarePropertyDescriptor.getWriteMethodParameter(GenericTypeAwarePropertyDescriptor.java:109)
	at org.springframework.beans.GenericTypeAwarePropertyDescriptor.getPropertyType(GenericTypeAwarePropertyDescriptor.java:91)
	at org.springframework.beans.TypeConverterDelegate.convertIfNecessary(TypeConverterDelegate.java:138)
	at org.springframework.beans.BeanWrapperImpl.convertForProperty(BeanWrapperImpl.java:386)
	at org.springframework.beans.factory.support.AbstractAutowireCapableBeanFactory.convertForProperty(AbstractAutowireCapableBeanFactory.java:1289)
	at org.springframework.beans.factory.support.AbstractAutowireCapableBeanFactory.applyPropertyValues(AbstractAutowireCapableBeanFactory.java:1250)
	at org.springframework.beans.factory.support.AbstractAutowireCapableBeanFactory.populateBean(AbstractAutowireCapableBeanFactory.java:1010)
	at org.springframework.beans.factory.support.AbstractAutowireCapableBeanFactory.doCreateBean(AbstractAutowireCapableBeanFactory.java:472)
	... 66 more
]]>
    </failure>
  </testcase> <!-- getLatedWellDataByWellNum -->
</testsuite> <!-- com.htong.dao.WellDataDaoTest -->
