<?xml version="1.0" encoding="UTF-8"?>
<!-- Generated by org.testng.reporters.JUnitReportReporter -->
<testsuite hostname="ZHAOLEI" name="com.htong.dao.UserDaoTest" tests="1" failures="0" timestamp="15 May 2012 04:01:02 GMT" time="0.016" errors="0">
  <testcase name="getUserByName" time="0.016" classname="com.htong.dao.UserDaoTest"/>
</testsuite> <!-- com.htong.dao.UserDaoTest -->
