<?xml version="1.0" encoding="UTF-8"?>
<!-- Generated by org.testng.reporters.JUnitReportReporter -->
<testsuite hostname="ZHAOLEI" name="com.htong.service.WellServiceTest" tests="1" failures="0" timestamp="18 May 2012 04:53:33 GMT" time="0.063" errors="0">
  <testcase name="getWellTreeInfo" time="0.063" classname="com.htong.service.WellServiceTest"/>
</testsuite> <!-- com.htong.service.WellServiceTest -->
