<?xml version="1.0" encoding="UTF-8"?>
<!-- Generated by org.testng.reporters.JUnitReportReporter -->
<testsuite hostname="ZHAOLEI" name="com.htong.dao.WellDataDaoTest" tests="1" failures="0" timestamp="25 May 2012 08:58:36 GMT" time="2.156" errors="0">
  <testcase name="getHistoryWellData" time="2.156" classname="com.htong.dao.WellDataDaoTest"/>
</testsuite> <!-- com.htong.dao.WellDataDaoTest -->
