<?xml version="1.0" encoding="UTF-8"?>
<!-- Generated by org.testng.reporters.JUnitReportReporter -->
<testsuite hostname="ZHAOLEI" name="com.htong.dao.WellDataDaoTest" tests="1" failures="0" timestamp="15 May 2012 05:06:32 GMT" time="0.109" errors="0">
  <testcase name="getLatedWellDataByWellNum" time="0.109" classname="com.htong.dao.WellDataDaoTest"/>
</testsuite> <!-- com.htong.dao.WellDataDaoTest -->
